This file contains any messages produced by compilers while
running configure, to aid debugging if configure makes a mistake.

It was created by configure, which was
generated by GNU Autoconf 2.68.  Invocation command line was

  $ ./configure --prefix=/home/smt/irstlm

## --------- ##
## Platform. ##
## --------- ##

hostname = JayaprakashPC
uname -m = x86_64
uname -r = 3.2.0-38-generic
uname -s = Linux
uname -v = #61-Ubuntu SMP Tue Feb 19 12:18:21 UTC 2013

/usr/bin/uname -p = unknown
/bin/uname -X     = unknown

/bin/arch              = unknown
/usr/bin/arch -k       = unknown
/usr/convex/getsysinfo = unknown
/usr/bin/hostinfo      = unknown
/bin/machine           = unknown
/usr/bin/oslevel       = unknown
/bin/universe          = unknown

PATH: /usr/local/sbin
PATH: /usr/local/bin
PATH: /usr/sbin
PATH: /usr/bin
PATH: /sbin
PATH: /bin
PATH: /usr/games


## ----------- ##
## Core tests. ##
## ----------- ##

configure:2389: checking for a BSD-compatible install
configure:2457: result: /usr/bin/install -c
configure:2468: checking whether build environment is sane
configure:2518: result: yes
configure:2659: checking for a thread-safe mkdir -p
configure:2698: result: /bin/mkdir -p
configure:2711: checking for gawk
configure:2727: found /usr/bin/gawk
configure:2738: result: gawk
configure:2749: checking whether make sets $(MAKE)
configure:2771: result: yes
configure:2913: checking for g++
configure:2929: found /usr/bin/g++
configure:2940: result: g++
configure:2967: checking for C++ compiler version
configure:2976: g++ --version >&5
g++ (Ubuntu/Linaro 4.6.3-1ubuntu5) 4.6.3
Copyright (C) 2011 Free Software Foundation, Inc.
This is free software; see the source for copying conditions.  There is NO
warranty; not even for MERCHANTABILITY or FITNESS FOR A PARTICULAR PURPOSE.

configure:2987: $? = 0
configure:2976: g++ -v >&5
Using built-in specs.
COLLECT_GCC=g++
COLLECT_LTO_WRAPPER=/usr/lib/gcc/x86_64-linux-gnu/4.6/lto-wrapper
Target: x86_64-linux-gnu
Configured with: ../src/configure -v --with-pkgversion='Ubuntu/Linaro 4.6.3-1ubuntu5' --with-bugurl=file:///usr/share/doc/gcc-4.6/README.Bugs --enable-languages=c,c++,fortran,objc,obj-c++ --prefix=/usr --program-suffix=-4.6 --enable-shared --enable-linker-build-id --with-system-zlib --libexecdir=/usr/lib --without-included-gettext --enable-threads=posix --with-gxx-include-dir=/usr/include/c++/4.6 --libdir=/usr/lib --enable-nls --with-sysroot=/ --enable-clocale=gnu --enable-libstdcxx-debug --enable-libstdcxx-time=yes --enable-gnu-unique-object --enable-plugin --enable-objc-gc --disable-werror --with-arch-32=i686 --with-tune=generic --enable-checking=release --build=x86_64-linux-gnu --host=x86_64-linux-gnu --target=x86_64-linux-gnu
Thread model: posix
gcc version 4.6.3 (Ubuntu/Linaro 4.6.3-1ubuntu5) 
configure:2987: $? = 0
configure:2976: g++ -V >&5
g++: error: unrecognized option '-V'
g++: fatal error: no input files
compilation terminated.
configure:2987: $? = 4
configure:2976: g++ -qversion >&5
g++: error: unrecognized option '-qversion'
g++: fatal error: no input files
compilation terminated.
configure:2987: $? = 4
configure:3007: checking whether the C++ compiler works
configure:3029: g++    conftest.cpp  >&5
configure:3033: $? = 0
configure:3081: result: yes
configure:3084: checking for C++ compiler default output file name
configure:3086: result: a.out
configure:3092: checking for suffix of executables
configure:3099: g++ -o conftest    conftest.cpp  >&5
configure:3103: $? = 0
configure:3125: result: 
configure:3147: checking whether we are cross compiling
configure:3155: g++ -o conftest    conftest.cpp  >&5
configure:3159: $? = 0
configure:3166: ./conftest
configure:3170: $? = 0
configure:3185: result: no
configure:3190: checking for suffix of object files
configure:3212: g++ -c   conftest.cpp >&5
configure:3216: $? = 0
configure:3237: result: o
configure:3241: checking whether we are using the GNU C++ compiler
configure:3260: g++ -c   conftest.cpp >&5
configure:3260: $? = 0
configure:3269: result: yes
configure:3278: checking whether g++ accepts -g
configure:3298: g++ -c -g  conftest.cpp >&5
configure:3298: $? = 0
configure:3339: result: yes
configure:3373: checking for style of include used by make
configure:3401: result: GNU
configure:3427: checking dependency style of g++
configure:3538: result: gcc3
configure:3558: checking how to run the C++ preprocessor
configure:3585: g++ -E  conftest.cpp
configure:3585: $? = 0
configure:3599: g++ -E  conftest.cpp
conftest.cpp:11:28: fatal error: ac_nonexistent.h: No such file or directory
compilation terminated.
configure:3599: $? = 1
configure: failed program was:
| /* confdefs.h */
| #define PACKAGE_NAME ""
| #define PACKAGE_TARNAME ""
| #define PACKAGE_VERSION ""
| #define PACKAGE_STRING ""
| #define PACKAGE_BUGREPORT ""
| #define PACKAGE_URL ""
| #define PACKAGE "irstlm"
| #define VERSION "5.70.03"
| /* end confdefs.h.  */
| #include <ac_nonexistent.h>
configure:3624: result: g++ -E
configure:3644: g++ -E  conftest.cpp
configure:3644: $? = 0
configure:3658: g++ -E  conftest.cpp
conftest.cpp:11:28: fatal error: ac_nonexistent.h: No such file or directory
compilation terminated.
configure:3658: $? = 1
configure: failed program was:
| /* confdefs.h */
| #define PACKAGE_NAME ""
| #define PACKAGE_TARNAME ""
| #define PACKAGE_VERSION ""
| #define PACKAGE_STRING ""
| #define PACKAGE_BUGREPORT ""
| #define PACKAGE_URL ""
| #define PACKAGE "irstlm"
| #define VERSION "5.70.03"
| /* end confdefs.h.  */
| #include <ac_nonexistent.h>
configure:3753: checking build system type
configure:3767: result: x86_64-unknown-linux-gnu
configure:3787: checking host system type
configure:3800: result: x86_64-unknown-linux-gnu
configure:3841: checking how to print strings
configure:3868: result: printf
configure:3937: checking for gcc
configure:3953: found /usr/bin/gcc
configure:3964: result: gcc
configure:4193: checking for C compiler version
configure:4202: gcc --version >&5
gcc (Ubuntu/Linaro 4.6.3-1ubuntu5) 4.6.3
Copyright (C) 2011 Free Software Foundation, Inc.
This is free software; see the source for copying conditions.  There is NO
warranty; not even for MERCHANTABILITY or FITNESS FOR A PARTICULAR PURPOSE.

configure:4213: $? = 0
configure:4202: gcc -v >&5
Using built-in specs.
COLLECT_GCC=gcc
COLLECT_LTO_WRAPPER=/usr/lib/gcc/x86_64-linux-gnu/4.6/lto-wrapper
Target: x86_64-linux-gnu
Configured with: ../src/configure -v --with-pkgversion='Ubuntu/Linaro 4.6.3-1ubuntu5' --with-bugurl=file:///usr/share/doc/gcc-4.6/README.Bugs --enable-languages=c,c++,fortran,objc,obj-c++ --prefix=/usr --program-suffix=-4.6 --enable-shared --enable-linker-build-id --with-system-zlib --libexecdir=/usr/lib --without-included-gettext --enable-threads=posix --with-gxx-include-dir=/usr/include/c++/4.6 --libdir=/usr/lib --enable-nls --with-sysroot=/ --enable-clocale=gnu --enable-libstdcxx-debug --enable-libstdcxx-time=yes --enable-gnu-unique-object --enable-plugin --enable-objc-gc --disable-werror --with-arch-32=i686 --with-tune=generic --enable-checking=release --build=x86_64-linux-gnu --host=x86_64-linux-gnu --target=x86_64-linux-gnu
Thread model: posix
gcc version 4.6.3 (Ubuntu/Linaro 4.6.3-1ubuntu5) 
configure:4213: $? = 0
configure:4202: gcc -V >&5
gcc: error: unrecognized option '-V'
gcc: fatal error: no input files
compilation terminated.
configure:4213: $? = 4
configure:4202: gcc -qversion >&5
gcc: error: unrecognized option '-qversion'
gcc: fatal error: no input files
compilation terminated.
configure:4213: $? = 4
configure:4217: checking whether we are using the GNU C compiler
configure:4236: gcc -c   conftest.c >&5
configure:4236: $? = 0
configure:4245: result: yes
configure:4254: checking whether gcc accepts -g
configure:4274: gcc -c -g  conftest.c >&5
configure:4274: $? = 0
configure:4315: result: yes
configure:4332: checking for gcc option to accept ISO C89
configure:4396: gcc  -c   conftest.c >&5
configure:4396: $? = 0
configure:4409: result: none needed
configure:4431: checking dependency style of gcc
configure:4542: result: gcc3
configure:4557: checking for a sed that does not truncate output
configure:4621: result: /bin/sed
configure:4639: checking for grep that handles long lines and -e
configure:4697: result: /bin/grep
configure:4702: checking for egrep
configure:4764: result: /bin/grep -E
configure:4769: checking for fgrep
configure:4831: result: /bin/grep -F
configure:4866: checking for ld used by gcc
configure:4933: result: /usr/bin/ld
configure:4940: checking if the linker (/usr/bin/ld) is GNU ld
configure:4955: result: yes
configure:4967: checking for BSD- or MS-compatible name lister (nm)
configure:5016: result: /usr/bin/nm -B
configure:5146: checking the name lister (/usr/bin/nm -B) interface
configure:5153: g++ -c   conftest.cpp >&5
configure:5156: /usr/bin/nm -B "conftest.o"
configure:5159: output
0000000000000000 B some_variable
configure:5166: result: BSD nm
configure:5169: checking whether ln -s works
configure:5173: result: yes
configure:5181: checking the maximum length of command line arguments
configure:5311: result: 1572864
configure:5328: checking whether the shell understands some XSI constructs
configure:5338: result: yes
configure:5342: checking whether the shell understands "+="
configure:5348: result: yes
configure:5383: checking how to convert x86_64-unknown-linux-gnu file names to x86_64-unknown-linux-gnu format
configure:5423: result: func_convert_file_noop
configure:5430: checking how to convert x86_64-unknown-linux-gnu file names to toolchain format
configure:5450: result: func_convert_file_noop
configure:5457: checking for /usr/bin/ld option to reload object files
configure:5464: result: -r
configure:5538: checking for objdump
configure:5554: found /usr/bin/objdump
configure:5565: result: objdump
configure:5597: checking how to recognize dependent libraries
configure:5799: result: pass_all
configure:5884: checking for dlltool
configure:5914: result: no
configure:5944: checking how to associate runtime and link libraries
configure:5971: result: printf %s\n
configure:6032: checking for ar
configure:6048: found /usr/bin/ar
configure:6059: result: ar
configure:6096: checking for archiver @FILE support
configure:6113: g++ -c   conftest.cpp >&5
configure:6113: $? = 0
configure:6116: ar cru libconftest.a @conftest.lst >&5
configure:6119: $? = 0
configure:6124: ar cru libconftest.a @conftest.lst >&5
ar: conftest.o: No such file or directory
configure:6127: $? = 1
configure:6139: result: @
configure:6197: checking for strip
configure:6213: found /usr/bin/strip
configure:6224: result: strip
configure:6296: checking for ranlib
configure:6312: found /usr/bin/ranlib
configure:6323: result: ranlib
configure:6425: checking command to parse /usr/bin/nm -B output from gcc object
configure:6545: g++ -c   conftest.cpp >&5
configure:6548: $? = 0
configure:6552: /usr/bin/nm -B conftest.o \| sed -n -e 's/^.*[ ]\([ABCDGIRSTW][ABCDGIRSTW]*\)[ ][ ]*\([_A-Za-z][_A-Za-z0-9]*\)$/\1 \2 \2/p' | sed '/ __gnu_lto/d' \> conftest.nm
configure:6555: $? = 0
configure:6621: g++ -o conftest    conftest.cpp conftstm.o >&5
configure:6624: $? = 0
configure:6662: result: ok
configure:6699: checking for sysroot
configure:6729: result: no
configure:6807: g++ -c   conftest.cpp >&5
configure:6810: $? = 0
configure:6986: checking for mt
configure:7002: found /bin/mt
configure:7013: result: mt
configure:7036: checking if mt is a manifest tool
configure:7042: mt '-?'
configure:7050: result: no
configure:7692: checking how to run the C preprocessor
configure:7723: gcc -E  conftest.c
configure:7723: $? = 0
configure:7737: gcc -E  conftest.c
conftest.c:11:28: fatal error: ac_nonexistent.h: No such file or directory
compilation terminated.
configure:7737: $? = 1
configure: failed program was:
| /* confdefs.h */
| #define PACKAGE_NAME ""
| #define PACKAGE_TARNAME ""
| #define PACKAGE_VERSION ""
| #define PACKAGE_STRING ""
| #define PACKAGE_BUGREPORT ""
| #define PACKAGE_URL ""
| #define PACKAGE "irstlm"
| #define VERSION "5.70.03"
| /* end confdefs.h.  */
| #include <ac_nonexistent.h>
configure:7762: result: gcc -E
configure:7782: gcc -E  conftest.c
configure:7782: $? = 0
configure:7796: gcc -E  conftest.c
conftest.c:11:28: fatal error: ac_nonexistent.h: No such file or directory
compilation terminated.
configure:7796: $? = 1
configure: failed program was:
| /* confdefs.h */
| #define PACKAGE_NAME ""
| #define PACKAGE_TARNAME ""
| #define PACKAGE_VERSION ""
| #define PACKAGE_STRING ""
| #define PACKAGE_BUGREPORT ""
| #define PACKAGE_URL ""
| #define PACKAGE "irstlm"
| #define VERSION "5.70.03"
| /* end confdefs.h.  */
| #include <ac_nonexistent.h>
configure:7825: checking for ANSI C header files
configure:7845: gcc -c   conftest.c >&5
configure:7845: $? = 0
configure:7918: gcc -o conftest    conftest.c  >&5
configure:7918: $? = 0
configure:7918: ./conftest
configure:7918: $? = 0
configure:7929: result: yes
configure:7942: checking for sys/types.h
configure:7942: gcc -c   conftest.c >&5
configure:7942: $? = 0
configure:7942: result: yes
configure:7942: checking for sys/stat.h
configure:7942: gcc -c   conftest.c >&5
configure:7942: $? = 0
configure:7942: result: yes
configure:7942: checking for stdlib.h
configure:7942: gcc -c   conftest.c >&5
configure:7942: $? = 0
configure:7942: result: yes
configure:7942: checking for string.h
configure:7942: gcc -c   conftest.c >&5
configure:7942: $? = 0
configure:7942: result: yes
configure:7942: checking for memory.h
configure:7942: gcc -c   conftest.c >&5
configure:7942: $? = 0
configure:7942: result: yes
configure:7942: checking for strings.h
configure:7942: gcc -c   conftest.c >&5
configure:7942: $? = 0
configure:7942: result: yes
configure:7942: checking for inttypes.h
configure:7942: gcc -c   conftest.c >&5
configure:7942: $? = 0
configure:7942: result: yes
configure:7942: checking for stdint.h
configure:7942: gcc -c   conftest.c >&5
configure:7942: $? = 0
configure:7942: result: yes
configure:7942: checking for unistd.h
configure:7942: gcc -c   conftest.c >&5
configure:7942: $? = 0
configure:7942: result: yes
configure:7956: checking for dlfcn.h
configure:7956: gcc -c   conftest.c >&5
configure:7956: $? = 0
configure:7956: result: yes
configure:8142: checking for objdir
configure:8157: result: .libs
configure:8428: checking if gcc supports -fno-rtti -fno-exceptions
configure:8446: gcc -c   -fno-rtti -fno-exceptions conftest.c >&5
cc1: warning: command line option '-fno-rtti' is valid for C++/ObjC++ but not for C [enabled by default]
configure:8450: $? = 0
configure:8463: result: no
configure:8790: checking for gcc option to produce PIC
configure:8797: result: -fPIC -DPIC
configure:8805: checking if gcc PIC flag -fPIC -DPIC works
configure:8823: gcc -c   -fPIC -DPIC -DPIC conftest.c >&5
configure:8827: $? = 0
configure:8840: result: yes
configure:8869: checking if gcc static flag -static works
configure:8897: result: yes
configure:8912: checking if gcc supports -c -o file.o
configure:8933: gcc -c   -o out/conftest2.o conftest.c >&5
configure:8937: $? = 0
configure:8959: result: yes
configure:8967: checking if gcc supports -c -o file.o
configure:9014: result: yes
configure:9047: checking whether the gcc linker (/usr/bin/ld -m elf_x86_64) supports shared libraries
configure:10204: result: yes
configure:10444: checking dynamic linker characteristics
configure:10955: gcc -o conftest    -Wl,-rpath -Wl,/foo conftest.c  >&5
configure:10955: $? = 0
configure:11189: result: GNU/Linux ld.so
configure:11296: checking how to hardcode library paths into programs
configure:11321: result: immediate
configure:11861: checking whether stripping libraries is possible
configure:11866: result: yes
configure:11901: checking if libtool supports shared libraries
configure:11903: result: yes
configure:11906: checking whether to build shared libraries
configure:11927: result: no
configure:11930: checking whether to build static libraries
configure:11934: result: yes
configure:11957: checking how to run the C++ preprocessor
configure:12023: result: g++ -E
configure:12043: g++ -E  conftest.cpp
configure:12043: $? = 0
configure:12057: g++ -E  conftest.cpp
conftest.cpp:23:28: fatal error: ac_nonexistent.h: No such file or directory
compilation terminated.
configure:12057: $? = 1
configure: failed program was:
| /* confdefs.h */
| #define PACKAGE_NAME ""
| #define PACKAGE_TARNAME ""
| #define PACKAGE_VERSION ""
| #define PACKAGE_STRING ""
| #define PACKAGE_BUGREPORT ""
| #define PACKAGE_URL ""
| #define PACKAGE "irstlm"
| #define VERSION "5.70.03"
| #define STDC_HEADERS 1
| #define HAVE_SYS_TYPES_H 1
| #define HAVE_SYS_STAT_H 1
| #define HAVE_STDLIB_H 1
| #define HAVE_STRING_H 1
| #define HAVE_MEMORY_H 1
| #define HAVE_STRINGS_H 1
| #define HAVE_INTTYPES_H 1
| #define HAVE_STDINT_H 1
| #define HAVE_UNISTD_H 1
| #define HAVE_DLFCN_H 1
| #define LT_OBJDIR ".libs/"
| /* end confdefs.h.  */
| #include <ac_nonexistent.h>
configure:12226: checking for ld used by g++
configure:12293: result: /usr/bin/ld -m elf_x86_64
configure:12300: checking if the linker (/usr/bin/ld -m elf_x86_64) is GNU ld
configure:12315: result: yes
configure:12370: checking whether the g++ linker (/usr/bin/ld -m elf_x86_64) supports shared libraries
configure:13375: result: yes
configure:13411: g++ -c   conftest.cpp >&5
configure:13414: $? = 0
configure:13934: checking for g++ option to produce PIC
configure:13941: result: -fPIC -DPIC
configure:13949: checking if g++ PIC flag -fPIC -DPIC works
configure:13967: g++ -c   -fPIC -DPIC -DPIC conftest.cpp >&5
configure:13971: $? = 0
configure:13984: result: yes
configure:14007: checking if g++ static flag -static works
configure:14035: result: yes
configure:14047: checking if g++ supports -c -o file.o
configure:14068: g++ -c   -o out/conftest2.o conftest.cpp >&5
configure:14072: $? = 0
configure:14094: result: yes
configure:14099: checking if g++ supports -c -o file.o
configure:14146: result: yes
configure:14176: checking whether the g++ linker (/usr/bin/ld -m elf_x86_64) supports shared libraries
configure:14215: result: yes
configure:14356: checking dynamic linker characteristics
configure:15035: result: GNU/Linux ld.so
configure:15088: checking how to hardcode library paths into programs
configure:15113: result: immediate
configure:15220: checking for pdflatex
configure:15236: found /usr/bin/pdflatex
configure:15247: result: pdflatex
configure:15312: checking for bibtex
configure:15328: found /usr/bin/bibtex
configure:15339: result: bibtex
configure:15437: trace disabled (default), most regression tests will fail
configure:15447: generation of debugging symbols disabled (default), compilation without "-g", only "-O2"
configure:15458: profiling disabled (default)
configure:15469: caching disabled (default)
configure:15480: interpolated search disabled (default)
configure:15491: optimization disabled (default)
configure:15495: Building non-threaded irstlm.
configure:15501: checking getopt.h usability
configure:15501: g++ -c   conftest.cpp >&5
configure:15501: $? = 0
configure:15501: result: yes
configure:15501: checking getopt.h presence
configure:15501: g++ -E  conftest.cpp
configure:15501: $? = 0
configure:15501: result: yes
configure:15501: checking for getopt.h
configure:15501: result: yes
configure:15683: creating ./config.status

## ---------------------- ##
## Running config.status. ##
## ---------------------- ##

This file was extended by config.status, which was
generated by GNU Autoconf 2.68.  Invocation command line was

  CONFIG_FILES    = 
  CONFIG_HEADERS  = 
  CONFIG_LINKS    = 
  CONFIG_COMMANDS = 
  $ ./config.status 

on JayaprakashPC

config.status:1161: creating Makefile
config.status:1161: creating src/Makefile
config.status:1161: creating scripts/Makefile
config.status:1161: creating config.h
config.status:1390: executing depfiles commands
config.status:1390: executing libtool commands
configure:18189: The software will be installed into /home/smt/irstlm

## ---------------- ##
## Cache variables. ##
## ---------------- ##

ac_cv_build=x86_64-unknown-linux-gnu
ac_cv_c_compiler_gnu=yes
ac_cv_cxx_compiler_gnu=yes
ac_cv_env_CCC_set=
ac_cv_env_CCC_value=
ac_cv_env_CC_set=
ac_cv_env_CC_value=
ac_cv_env_CFLAGS_set=
ac_cv_env_CFLAGS_value=
ac_cv_env_CPPFLAGS_set=
ac_cv_env_CPPFLAGS_value=
ac_cv_env_CPP_set=
ac_cv_env_CPP_value=
ac_cv_env_CXXCPP_set=
ac_cv_env_CXXCPP_value=
ac_cv_env_CXXFLAGS_set=
ac_cv_env_CXXFLAGS_value=
ac_cv_env_CXX_set=
ac_cv_env_CXX_value=
ac_cv_env_LDFLAGS_set=
ac_cv_env_LDFLAGS_value=
ac_cv_env_LIBS_set=
ac_cv_env_LIBS_value=
ac_cv_env_build_alias_set=
ac_cv_env_build_alias_value=
ac_cv_env_host_alias_set=
ac_cv_env_host_alias_value=
ac_cv_env_target_alias_set=
ac_cv_env_target_alias_value=
ac_cv_header_dlfcn_h=yes
ac_cv_header_getopt_h=yes
ac_cv_header_inttypes_h=yes
ac_cv_header_memory_h=yes
ac_cv_header_stdc=yes
ac_cv_header_stdint_h=yes
ac_cv_header_stdlib_h=yes
ac_cv_header_string_h=yes
ac_cv_header_strings_h=yes
ac_cv_header_sys_stat_h=yes
ac_cv_header_sys_types_h=yes
ac_cv_header_unistd_h=yes
ac_cv_host=x86_64-unknown-linux-gnu
ac_cv_objext=o
ac_cv_path_EGREP='/bin/grep -E'
ac_cv_path_FGREP='/bin/grep -F'
ac_cv_path_GREP=/bin/grep
ac_cv_path_SED=/bin/sed
ac_cv_path_install='/usr/bin/install -c'
ac_cv_path_mkdir=/bin/mkdir
ac_cv_prog_AWK=gawk
ac_cv_prog_CPP='gcc -E'
ac_cv_prog_CXXCPP='g++ -E'
ac_cv_prog_ac_ct_AR=ar
ac_cv_prog_ac_ct_BIBTEX=bibtex
ac_cv_prog_ac_ct_CC=gcc
ac_cv_prog_ac_ct_CXX=g++
ac_cv_prog_ac_ct_MANIFEST_TOOL=mt
ac_cv_prog_ac_ct_OBJDUMP=objdump
ac_cv_prog_ac_ct_PDFLATEX=pdflatex
ac_cv_prog_ac_ct_RANLIB=ranlib
ac_cv_prog_ac_ct_STRIP=strip
ac_cv_prog_cc_c89=
ac_cv_prog_cc_g=yes
ac_cv_prog_cxx_g=yes
ac_cv_prog_make_make_set=yes
am_cv_CC_dependencies_compiler_type=gcc3
am_cv_CXX_dependencies_compiler_type=gcc3
lt_cv_ar_at_file=@
lt_cv_deplibs_check_method=pass_all
lt_cv_file_magic_cmd='$MAGIC_CMD'
lt_cv_file_magic_test_file=
lt_cv_ld_reload_flag=-r
lt_cv_nm_interface='BSD nm'
lt_cv_objdir=.libs
lt_cv_path_LD=/usr/bin/ld
lt_cv_path_LDCXX='/usr/bin/ld -m elf_x86_64'
lt_cv_path_NM='/usr/bin/nm -B'
lt_cv_path_mainfest_tool=no
lt_cv_prog_compiler_c_o=yes
lt_cv_prog_compiler_c_o_CXX=yes
lt_cv_prog_compiler_pic='-fPIC -DPIC'
lt_cv_prog_compiler_pic_CXX='-fPIC -DPIC'
lt_cv_prog_compiler_pic_works=yes
lt_cv_prog_compiler_pic_works_CXX=yes
lt_cv_prog_compiler_rtti_exceptions=no
lt_cv_prog_compiler_static_works=yes
lt_cv_prog_compiler_static_works_CXX=yes
lt_cv_prog_gnu_ld=yes
lt_cv_prog_gnu_ldcxx=yes
lt_cv_sharedlib_from_linklib_cmd='printf %s\n'
lt_cv_shlibpath_overrides_runpath=no
lt_cv_sys_global_symbol_pipe='sed -n -e '\''s/^.*[	 ]\([ABCDGIRSTW][ABCDGIRSTW]*\)[	 ][	 ]*\([_A-Za-z][_A-Za-z0-9]*\)$/\1 \2 \2/p'\'' | sed '\''/ __gnu_lto/d'\'''
lt_cv_sys_global_symbol_to_c_name_address='sed -n -e '\''s/^: \([^ ]*\)[ ]*$/  {\"\1\", (void *) 0},/p'\'' -e '\''s/^[ABCDGIRSTW]* \([^ ]*\) \([^ ]*\)$/  {"\2", (void *) \&\2},/p'\'''
lt_cv_sys_global_symbol_to_c_name_address_lib_prefix='sed -n -e '\''s/^: \([^ ]*\)[ ]*$/  {\"\1\", (void *) 0},/p'\'' -e '\''s/^[ABCDGIRSTW]* \([^ ]*\) \(lib[^ ]*\)$/  {"\2", (void *) \&\2},/p'\'' -e '\''s/^[ABCDGIRSTW]* \([^ ]*\) \([^ ]*\)$/  {"lib\2", (void *) \&\2},/p'\'''
lt_cv_sys_global_symbol_to_cdecl='sed -n -e '\''s/^T .* \(.*\)$/extern int \1();/p'\'' -e '\''s/^[ABCDGIRSTW]* .* \(.*\)$/extern char \1;/p'\'''
lt_cv_sys_max_cmd_len=1572864
lt_cv_to_host_file_cmd=func_convert_file_noop
lt_cv_to_tool_file_cmd=func_convert_file_noop

## ----------------- ##
## Output variables. ##
## ----------------- ##

ACLOCAL='${SHELL} /home/smt/irstlm/missing --run aclocal-1.11'
AMDEPBACKSLASH='\'
AMDEP_FALSE='#'
AMDEP_TRUE=''
AMTAR='$${TAR-tar}'
AR='ar'
AUTOCONF='${SHELL} /home/smt/irstlm/missing --run autoconf'
AUTOHEADER='${SHELL} /home/smt/irstlm/missing --run autoheader'
AUTOMAKE='${SHELL} /home/smt/irstlm/missing --run automake-1.11'
AWK='gawk'
BIBTEX='bibtex'
CC='gcc'
CCDEPMODE='depmode=gcc3'
CFLAGS=''
CPP='gcc -E'
CPPFLAGS=''
CXX='g++'
CXXCPP='g++ -E'
CXXDEPMODE='depmode=gcc3'
CXXFLAGS=''
CYGPATH_W='echo'
DEFS='-DHAVE_CONFIG_H'
DEPDIR='.deps'
DLLTOOL='false'
DSYMUTIL=''
DUMPBIN=''
ECHO_C=''
ECHO_N='-n'
ECHO_T=''
EGREP='/bin/grep -E'
EXEEXT=''
FGREP='/bin/grep -F'
GREP='/bin/grep'
INSTALL_DATA='${INSTALL} -m 644'
INSTALL_PROGRAM='${INSTALL}'
INSTALL_SCRIPT='${INSTALL}'
INSTALL_STRIP_PROGRAM='$(install_sh) -c -s'
LD='/usr/bin/ld -m elf_x86_64'
LDFLAGS=''
LIBOBJS=''
LIBS=' -lz'
LIBTOOL='$(SHELL) $(top_builddir)/libtool'
LIPO=''
LN_S='ln -s'
LTLIBOBJS=''
MAKEINFO='${SHELL} /home/smt/irstlm/missing --run makeinfo'
MANIFEST_TOOL=':'
MKDIR_P='/bin/mkdir -p'
NM='/usr/bin/nm -B'
NMEDIT=''
OBJDUMP='objdump'
OBJEXT='o'
OTOOL64=''
OTOOL=''
PACKAGE='irstlm'
PACKAGE_BUGREPORT=''
PACKAGE_NAME=''
PACKAGE_STRING=''
PACKAGE_TARNAME=''
PACKAGE_URL=''
PACKAGE_VERSION=''
PATH_SEPARATOR=':'
PDFLATEX='pdflatex'
RANLIB='ranlib'
SED='/bin/sed'
SET_MAKE=''
SHELL='/bin/bash'
STRIP='strip'
VERSION='5.70.03'
WITH_MERT_FALSE='#'
WITH_MERT_TRUE=''
WITH_THREADS_FALSE=''
WITH_THREADS_TRUE='#'
ac_ct_AR='ar'
ac_ct_CC='gcc'
ac_ct_CXX='g++'
ac_ct_DUMPBIN=''
am__EXEEXT_FALSE=''
am__EXEEXT_TRUE='#'
am__fastdepCC_FALSE=''
am__fastdepCC_TRUE='#'
am__fastdepCXX_FALSE='#'
am__fastdepCXX_TRUE=''
am__include='include'
am__isrc=''
am__leading_dot='.'
am__nodep='_no'
am__quote=''
am__tar='$${TAR-tar} chof - "$$tardir"'
am__untar='$${TAR-tar} xf -'
bindir='${exec_prefix}/bin'
build='x86_64-unknown-linux-gnu'
build_alias=''
build_cpu='x86_64'
build_os='linux-gnu'
build_vendor='unknown'
datadir='${datarootdir}'
datarootdir='${prefix}/share'
docdir='${datarootdir}/doc/${PACKAGE}'
dvidir='${docdir}'
exec_prefix='${prefix}'
host='x86_64-unknown-linux-gnu'
host_alias=''
host_cpu='x86_64'
host_os='linux-gnu'
host_vendor='unknown'
htmldir='${docdir}'
includedir='${prefix}/include'
infodir='${datarootdir}/info'
install_sh='${SHELL} /home/smt/irstlm/install-sh'
libdir='${exec_prefix}/lib'
libexecdir='${exec_prefix}/libexec'
localedir='${datarootdir}/locale'
localstatedir='${prefix}/var'
mandir='${datarootdir}/man'
mkdir_p='/bin/mkdir -p'
oldincludedir='/usr/include'
pdfdir='${docdir}'
prefix='/home/smt/irstlm'
program_transform_name='s,x,x,'
psdir='${docdir}'
sbindir='${exec_prefix}/sbin'
sharedstatedir='${prefix}/com'
sysconfdir='${prefix}/etc'
target_alias=''
transform='s/_lm/-lm/'

## ----------- ##
## confdefs.h. ##
## ----------- ##

/* confdefs.h */
#define PACKAGE_NAME ""
#define PACKAGE_TARNAME ""
#define PACKAGE_VERSION ""
#define PACKAGE_STRING ""
#define PACKAGE_BUGREPORT ""
#define PACKAGE_URL ""
#define PACKAGE "irstlm"
#define VERSION "5.70.03"
#define STDC_HEADERS 1
#define HAVE_SYS_TYPES_H 1
#define HAVE_SYS_STAT_H 1
#define HAVE_STDLIB_H 1
#define HAVE_STRING_H 1
#define HAVE_MEMORY_H 1
#define HAVE_STRINGS_H 1
#define HAVE_INTTYPES_H 1
#define HAVE_STDINT_H 1
#define HAVE_UNISTD_H 1
#define HAVE_DLFCN_H 1
#define LT_OBJDIR ".libs/"
#define HAVE_GETOPT_H 1

configure: exit 0

## ---------------------- ##
## Running config.status. ##
## ---------------------- ##

This file was extended by config.status, which was
generated by GNU Autoconf 2.68.  Invocation command line was

  CONFIG_FILES    = 
  CONFIG_HEADERS  = 
  CONFIG_LINKS    = 
  CONFIG_COMMANDS = 
  $ ./config.status config.h

on JayaprakashPC

config.status:1161: creating config.h
